*** Starting uWSGI 1.9.18.1 (32bit) on [Sat Nov 23 12:32:14 2013] ***
compiled with version: 4.7.2 on 20 October 2013 02:05:49
os: Linux-3.6.11-18-ARCH+ #1 PREEMPT Mon Oct 21 01:15:42 CDT 2013
nodename: alarmpi
machine: armv6l
clock source: unix
pcre jit disabled
detected number of CPU cores: 1
current working directory: /srv/uwsgi/homepage
writing pidfile to /tmp/homepage-master.pid
detected binary path: /usr/bin/uwsgi
your processes number limit is 1324
your memory page size is 4096 bytes
detected max file descriptor number: 1024
lock engine: pthread robust mutexes
thunder lock: disabled (you can enable it with --thunder-lock)
uwsgi socket 0 bound to TCP address :8000 fd 3
Python version: 2.7.5 (default, Sep  6 2013, 07:17:12)  [GCC 4.7.2]
*** Python threads support is disabled. You can enable it with --enable-threads ***
Python main interpreter initialized at 0xc0f600
your server socket listen backlog is limited to 100 connections
your mercy for graceful operations on workers is 60 seconds
mapped 321480 bytes (313 KB) for 4 cores
*** Operational MODE: preforking ***
WSGI app 0 (mountpoint='') ready in 3 seconds on interpreter 0xc0f600 pid: 4816 (default app)
*** uWSGI is running in multiple interpreter mode ***
spawned uWSGI master process (pid: 4816)
spawned uWSGI worker 1 (pid: 4817, cores: 1)
spawned uWSGI worker 2 (pid: 4818, cores: 1)
spawned uWSGI worker 3 (pid: 4819, cores: 1)
spawned uWSGI worker 4 (pid: 4820, cores: 1)
[pid: 4818|app: 0|req: 1/1] 192.168.1.101 () {42 vars in 2202 bytes} [Sat Nov 23 20:32:17 2013] GET / => generated 3530 bytes in 3578 msecs (HTTP/1.1 200) 1 headers in 59 bytes (1 switches on core 0)
[pid: 4818|app: 0|req: 2/2] 192.168.1.101 () {42 vars in 2220 bytes} [Sat Nov 23 20:32:23 2013] GET /blogs/ => generated 10591 bytes in 2657 msecs (HTTP/1.1 200) 1 headers in 59 bytes (1 switches on core 0)
[pid: 4820|app: 0|req: 1/3] 192.168.1.101 () {38 vars in 613 bytes} [Sat Nov 23 20:32:21 2013] GET /favicon.ico => generated 368 bytes in 5069 msecs (HTTP/1.1 500) 1 headers in 78 bytes (1 switches on core 0)
[pid: 4818|app: 0|req: 3/4] 192.168.1.101 () {38 vars in 613 bytes} [Sat Nov 23 20:32:26 2013] GET /favicon.ico => generated 368 bytes in 207 msecs (HTTP/1.1 500) 1 headers in 78 bytes (1 switches on core 0)
SIGINT/SIGQUIT received...killing workers...
worker 1 buried after 1 seconds
worker 2 buried after 1 seconds
worker 3 buried after 1 seconds
worker 4 buried after 1 seconds
goodbye to uWSGI.
VACUUM: pidfile removed.
*** Starting uWSGI 1.9.18.1 (32bit) on [Sat Nov 23 12:32:54 2013] ***
compiled with version: 4.7.2 on 20 October 2013 02:05:49
os: Linux-3.6.11-18-ARCH+ #1 PREEMPT Mon Oct 21 01:15:42 CDT 2013
nodename: alarmpi
machine: armv6l
clock source: unix
pcre jit disabled
detected number of CPU cores: 1
current working directory: /srv/uwsgi/homepage
writing pidfile to /tmp/homepage-master.pid
detected binary path: /usr/bin/uwsgi
your processes number limit is 1324
your memory page size is 4096 bytes
detected max file descriptor number: 1024
lock engine: pthread robust mutexes
thunder lock: disabled (you can enable it with --thunder-lock)
uwsgi socket 0 bound to TCP address :8000 fd 3
Python version: 2.7.5 (default, Sep  6 2013, 07:17:12)  [GCC 4.7.2]
*** Python threads support is disabled. You can enable it with --enable-threads ***
Python main interpreter initialized at 0x64f600
your server socket listen backlog is limited to 100 connections
your mercy for graceful operations on workers is 60 seconds
mapped 321480 bytes (313 KB) for 4 cores
*** Operational MODE: preforking ***
WSGI app 0 (mountpoint='') ready in 3 seconds on interpreter 0x64f600 pid: 4835 (default app)
*** uWSGI is running in multiple interpreter mode ***
spawned uWSGI master process (pid: 4835)
spawned uWSGI worker 1 (pid: 4836, cores: 1)
spawned uWSGI worker 2 (pid: 4837, cores: 1)
spawned uWSGI worker 3 (pid: 4838, cores: 1)
spawned uWSGI worker 4 (pid: 4839, cores: 1)
[pid: 4836|app: 0|req: 1/1] 192.168.1.101 () {44 vars in 2251 bytes} [Sat Nov 23 20:32:57 2013] GET /blogs/ => generated 368 bytes in 3804 msecs (HTTP/1.1 500) 1 headers in 78 bytes (1 switches on core 0)
[pid: 4838|app: 0|req: 1/2] 192.168.1.101 () {38 vars in 613 bytes} [Sat Nov 23 20:33:01 2013] GET /favicon.ico => generated 368 bytes in 6153 msecs (HTTP/1.1 500) 1 headers in 78 bytes (1 switches on core 0)
[pid: 4837|app: 0|req: 1/3] 192.168.1.101 () {44 vars in 2251 bytes} [Sat Nov 23 20:33:02 2013] GET /blogs/ => generated 368 bytes in 6362 msecs (HTTP/1.1 500) 1 headers in 78 bytes (1 switches on core 0)
[pid: 4838|app: 0|req: 2/4] 192.168.1.101 () {38 vars in 613 bytes} [Sat Nov 23 20:33:09 2013] GET /favicon.ico => generated 368 bytes in 141 msecs (HTTP/1.1 500) 1 headers in 78 bytes (1 switches on core 0)
SIGINT/SIGQUIT received...killing workers...
worker 4 buried after 1 seconds
worker 1 buried after 2 seconds
worker 2 buried after 2 seconds
worker 3 buried after 2 seconds
goodbye to uWSGI.
VACUUM: pidfile removed.
*** Starting uWSGI 1.9.18.1 (32bit) on [Sat Nov 23 12:33:35 2013] ***
compiled with version: 4.7.2 on 20 October 2013 02:05:49
os: Linux-3.6.11-18-ARCH+ #1 PREEMPT Mon Oct 21 01:15:42 CDT 2013
nodename: alarmpi
machine: armv6l
clock source: unix
pcre jit disabled
detected number of CPU cores: 1
current working directory: /srv/uwsgi/homepage
writing pidfile to /tmp/homepage-master.pid
detected binary path: /usr/bin/uwsgi
your processes number limit is 1324
your memory page size is 4096 bytes
detected max file descriptor number: 1024
lock engine: pthread robust mutexes
thunder lock: disabled (you can enable it with --thunder-lock)
uwsgi socket 0 bound to TCP address :8000 fd 3
Python version: 2.7.5 (default, Sep  6 2013, 07:17:12)  [GCC 4.7.2]
*** Python threads support is disabled. You can enable it with --enable-threads ***
Python main interpreter initialized at 0x1b21600
your server socket listen backlog is limited to 100 connections
your mercy for graceful operations on workers is 60 seconds
mapped 321480 bytes (313 KB) for 4 cores
*** Operational MODE: preforking ***
WSGI app 0 (mountpoint='') ready in 3 seconds on interpreter 0x1b21600 pid: 4860 (default app)
*** uWSGI is running in multiple interpreter mode ***
spawned uWSGI master process (pid: 4860)
spawned uWSGI worker 1 (pid: 4861, cores: 1)
spawned uWSGI worker 2 (pid: 4862, cores: 1)
spawned uWSGI worker 3 (pid: 4863, cores: 1)
spawned uWSGI worker 4 (pid: 4864, cores: 1)
[pid: 4863|app: 0|req: 1/1] 192.168.1.101 () {44 vars in 2251 bytes} [Sat Nov 23 20:33:38 2013] GET /blogs/ => generated 368 bytes in 3797 msecs (HTTP/1.1 500) 1 headers in 78 bytes (1 switches on core 0)
[pid: 4864|app: 0|req: 1/2] 192.168.1.101 () {38 vars in 613 bytes} [Sat Nov 23 20:33:42 2013] GET /favicon.ico => generated 368 bytes in 5434 msecs (HTTP/1.1 500) 1 headers in 78 bytes (1 switches on core 0)
[pid: 4861|app: 0|req: 1/3] 192.168.1.101 () {44 vars in 2251 bytes} [Sat Nov 23 20:33:44 2013] GET /blogs/ => generated 368 bytes in 5655 msecs (HTTP/1.1 500) 1 headers in 78 bytes (1 switches on core 0)
[pid: 4864|app: 0|req: 2/4] 192.168.1.101 () {38 vars in 613 bytes} [Sat Nov 23 20:33:50 2013] GET /favicon.ico => generated 368 bytes in 138 msecs (HTTP/1.1 500) 1 headers in 78 bytes (1 switches on core 0)
[pid: 4861|app: 0|req: 2/5] 192.168.1.101 () {44 vars in 2251 bytes} [Sat Nov 23 20:33:50 2013] GET /blogs/ => generated 368 bytes in 348 msecs (HTTP/1.1 500) 1 headers in 78 bytes (1 switches on core 0)
[pid: 4864|app: 0|req: 3/6] 192.168.1.101 () {38 vars in 613 bytes} [Sat Nov 23 20:33:51 2013] GET /favicon.ico => generated 368 bytes in 133 msecs (HTTP/1.1 500) 1 headers in 78 bytes (1 switches on core 0)
SIGINT/SIGQUIT received...killing workers...
worker 2 buried after 1 seconds
worker 1 buried after 2 seconds
worker 3 buried after 2 seconds
worker 4 buried after 2 seconds
goodbye to uWSGI.
VACUUM: pidfile removed.
*** Starting uWSGI 1.9.18.1 (32bit) on [Sat Nov 23 12:34:53 2013] ***
compiled with version: 4.7.2 on 20 October 2013 02:05:49
os: Linux-3.6.11-18-ARCH+ #1 PREEMPT Mon Oct 21 01:15:42 CDT 2013
nodename: alarmpi
machine: armv6l
clock source: unix
pcre jit disabled
detected number of CPU cores: 1
current working directory: /srv/uwsgi/homepage
writing pidfile to /tmp/homepage-master.pid
detected binary path: /usr/bin/uwsgi
your processes number limit is 1324
your memory page size is 4096 bytes
detected max file descriptor number: 1024
lock engine: pthread robust mutexes
thunder lock: disabled (you can enable it with --thunder-lock)
uwsgi socket 0 bound to TCP address :8000 fd 3
Python version: 2.7.5 (default, Sep  6 2013, 07:17:12)  [GCC 4.7.2]
*** Python threads support is disabled. You can enable it with --enable-threads ***
Python main interpreter initialized at 0x2e3600
your server socket listen backlog is limited to 100 connections
your mercy for graceful operations on workers is 60 seconds
mapped 321480 bytes (313 KB) for 4 cores
*** Operational MODE: preforking ***
WSGI app 0 (mountpoint='') ready in 3 seconds on interpreter 0x2e3600 pid: 4893 (default app)
*** uWSGI is running in multiple interpreter mode ***
spawned uWSGI master process (pid: 4893)
spawned uWSGI worker 1 (pid: 4894, cores: 1)
spawned uWSGI worker 2 (pid: 4895, cores: 1)
spawned uWSGI worker 3 (pid: 4896, cores: 1)
spawned uWSGI worker 4 (pid: 4897, cores: 1)
[pid: 4894|app: 0|req: 1/1] 192.168.1.101 () {44 vars in 2293 bytes} [Sat Nov 23 20:34:57 2013] GET /blogs/search/?q=Linux => generated 368 bytes in 3906 msecs (HTTP/1.1 500) 1 headers in 78 bytes (1 switches on core 0)
[pid: 4894|app: 0|req: 2/2] 192.168.1.101 () {44 vars in 2293 bytes} [Sat Nov 23 20:35:02 2013] GET /blogs/search/?q=Linux => generated 368 bytes in 723 msecs (HTTP/1.1 500) 1 headers in 78 bytes (1 switches on core 0)
[pid: 4897|app: 0|req: 1/3] 192.168.1.101 () {38 vars in 613 bytes} [Sat Nov 23 20:35:01 2013] GET /favicon.ico => generated 368 bytes in 3982 msecs (HTTP/1.1 500) 1 headers in 78 bytes (1 switches on core 0)
[pid: 4894|app: 0|req: 3/4] 192.168.1.101 () {38 vars in 613 bytes} [Sat Nov 23 20:35:05 2013] GET /favicon.ico => generated 368 bytes in 267 msecs (HTTP/1.1 500) 1 headers in 78 bytes (1 switches on core 0)
[pid: 4895|app: 0|req: 1/5] 192.168.1.101 () {42 vars in 2202 bytes} [Sat Nov 23 20:35:05 2013] GET / => generated 368 bytes in 4000 msecs (HTTP/1.1 500) 1 headers in 78 bytes (1 switches on core 0)
[pid: 4897|app: 0|req: 2/6] 192.168.1.101 () {38 vars in 613 bytes} [Sat Nov 23 20:35:09 2013] GET /favicon.ico => generated 368 bytes in 138 msecs (HTTP/1.1 500) 1 headers in 78 bytes (1 switches on core 0)
SIGINT/SIGQUIT received...killing workers...
worker 3 buried after 1 seconds
worker 1 buried after 2 seconds
worker 2 buried after 2 seconds
worker 4 buried after 2 seconds
goodbye to uWSGI.
VACUUM: pidfile removed.
*** Starting uWSGI 1.9.18.1 (32bit) on [Sat Nov 23 12:35:35 2013] ***
compiled with version: 4.7.2 on 20 October 2013 02:05:49
os: Linux-3.6.11-18-ARCH+ #1 PREEMPT Mon Oct 21 01:15:42 CDT 2013
nodename: alarmpi
machine: armv6l
clock source: unix
pcre jit disabled
detected number of CPU cores: 1
current working directory: /srv/uwsgi/homepage
writing pidfile to /tmp/homepage-master.pid
detected binary path: /usr/bin/uwsgi
your processes number limit is 1324
your memory page size is 4096 bytes
detected max file descriptor number: 1024
lock engine: pthread robust mutexes
thunder lock: disabled (you can enable it with --thunder-lock)
uwsgi socket 0 bound to TCP address :8000 fd 3
Python version: 2.7.5 (default, Sep  6 2013, 07:17:12)  [GCC 4.7.2]
*** Python threads support is disabled. You can enable it with --enable-threads ***
Python main interpreter initialized at 0x1fe2600
your server socket listen backlog is limited to 100 connections
your mercy for graceful operations on workers is 60 seconds
mapped 321480 bytes (313 KB) for 4 cores
*** Operational MODE: preforking ***
WSGI app 0 (mountpoint='') ready in 3 seconds on interpreter 0x1fe2600 pid: 4927 (default app)
*** uWSGI is running in multiple interpreter mode ***
spawned uWSGI master process (pid: 4927)
spawned uWSGI worker 1 (pid: 4928, cores: 1)
spawned uWSGI worker 2 (pid: 4929, cores: 1)
spawned uWSGI worker 3 (pid: 4930, cores: 1)
spawned uWSGI worker 4 (pid: 4931, cores: 1)
[pid: 4928|app: 0|req: 1/1] 192.168.1.101 () {42 vars in 2202 bytes} [Sat Nov 23 20:35:38 2013] GET / => generated 3530 bytes in 3565 msecs (HTTP/1.1 200) 1 headers in 59 bytes (1 switches on core 0)
[pid: 4931|app: 0|req: 1/2] 192.168.1.101 () {38 vars in 613 bytes} [Sat Nov 23 20:35:42 2013] GET /favicon.ico => generated 368 bytes in 5938 msecs (HTTP/1.1 500) 1 headers in 78 bytes (1 switches on core 0)
[pid: 4929|app: 0|req: 1/3] 192.168.1.101 () {42 vars in 2220 bytes} [Sat Nov 23 20:35:43 2013] GET /blogs/ => generated 10591 bytes in 7009 msecs (HTTP/1.1 200) 1 headers in 59 bytes (1 switches on core 0)
[pid: 4931|app: 0|req: 2/4] 192.168.1.101 () {38 vars in 613 bytes} [Sat Nov 23 20:35:50 2013] GET /favicon.ico => generated 368 bytes in 171 msecs (HTTP/1.1 500) 1 headers in 78 bytes (1 switches on core 0)
[pid: 4929|app: 0|req: 2/5] 192.168.1.101 () {42 vars in 2253 bytes} [Sat Nov 23 20:36:03 2013] GET /blogs/search/?q=Arch => generated 4599 bytes in 436 msecs (HTTP/1.1 200) 1 headers in 59 bytes (1 switches on core 0)
[pid: 4931|app: 0|req: 3/6] 192.168.1.101 () {38 vars in 613 bytes} [Sat Nov 23 20:36:03 2013] GET /favicon.ico => generated 368 bytes in 159 msecs (HTTP/1.1 500) 1 headers in 78 bytes (1 switches on core 0)
SIGINT/SIGQUIT received...killing workers...
worker 3 buried after 1 seconds
worker 1 buried after 2 seconds
worker 2 buried after 2 seconds
worker 4 buried after 2 seconds
goodbye to uWSGI.
VACUUM: pidfile removed.
